<?xml version="1.0" encoding="UTF-8"?>
<!-- Generated by org.testng.reporters.JUnitReportReporter -->
<testsuite skipped="0" hostname="Jayashrees-MacBook-Air.local" name="jayashreeautomation.ExtentReportsJava.ExtentReportsTest" tests="1" failures="0" timestamp="2020-11-07T23:49:34 IST" time="11.247" errors="0">
  <testcase name="extentreportingDemo" time="11.247" classname="jayashreeautomation.ExtentReportsJava.ExtentReportsTest"/>
  <system-out/>
</testsuite> <!-- jayashreeautomation.ExtentReportsJava.ExtentReportsTest -->
